  pch.cpp
  CButtonX.cpp
c:\users\eugene\source\repos\oeavd\oeav\oeav\controls\cbuttonx.cpp(19): warning C4005: BS_TYPEMASK: изменение макроопределения
  c:\program files (x86)\windows kits\10\include\10.0.17763.0\um\winuser.h(11039): note: см. предыдущее определение "BS_TYPEMASK"
c:\users\eugene\source\repos\oeavd\oeav\oeav\controls\cbuttonx.cpp(1249): warning C4312: приведение типов: преобразование из "unsigned long" в "HICON" большего размера
c:\users\eugene\source\repos\oeavd\oeav\oeav\controls\cbuttonx.cpp(1249): warning C4311: приведение типов: усечение указателя из "HICON" в "int"
c:\users\eugene\source\repos\oeavd\oeav\oeav\controls\cbuttonx.cpp(1249): warning C4302: приведение типов: усечение из "HICON" к "int"
c:\users\eugene\source\repos\oeavd\oeav\oeav\controls\cbuttonx.cpp(1250): warning C4312: приведение типов: преобразование из "unsigned long" в "HICON" большего размера
c:\users\eugene\source\repos\oeavd\oeav\oeav\controls\cbuttonx.cpp(1252): warning C4312: приведение типов: преобразование из "unsigned long" в "HICON" большего размера
c:\users\eugene\source\repos\oeavd\oeav\oeav\controls\cbuttonx.cpp(1252): warning C4311: приведение типов: усечение указателя из "HICON" в "int"
c:\users\eugene\source\repos\oeavd\oeav\oeav\controls\cbuttonx.cpp(1252): warning C4302: приведение типов: усечение из "HICON" к "int"
c:\users\eugene\source\repos\oeavd\oeav\oeav\controls\cbuttonx.cpp(1253): warning C4312: приведение типов: преобразование из "unsigned long" в "HICON" большего размера
c:\users\eugene\source\repos\oeavd\oeav\oeav\controls\cbuttonx.cpp(1339): warning C4311: приведение типов: усечение указателя из "HICON" в "int"
c:\users\eugene\source\repos\oeavd\oeav\oeav\controls\cbuttonx.cpp(1339): warning C4302: приведение типов: усечение из "HICON" к "int"
c:\users\eugene\source\repos\oeavd\oeav\oeav\controls\cbuttonx.cpp(1341): warning C4312: приведение типов: преобразование из "unsigned long" в "HICON" большего размера
c:\users\eugene\source\repos\oeavd\oeav\oeav\controls\cbuttonx.cpp(1341): warning C4311: приведение типов: усечение указателя из "HICON" в "int"
c:\users\eugene\source\repos\oeavd\oeav\oeav\controls\cbuttonx.cpp(1341): warning C4302: приведение типов: усечение из "HICON" к "int"
c:\users\eugene\source\repos\oeavd\oeav\oeav\controls\cbuttonx.cpp(1344): warning C4312: приведение типов: преобразование из "unsigned long" в "HICON" большего размера
c:\users\eugene\source\repos\oeavd\oeav\oeav\controls\cbuttonx.cpp(1344): warning C4311: приведение типов: усечение указателя из "HICON" в "int"
c:\users\eugene\source\repos\oeavd\oeav\oeav\controls\cbuttonx.cpp(1344): warning C4302: приведение типов: усечение из "HICON" к "int"
c:\users\eugene\source\repos\oeavd\oeav\oeav\controls\cbuttonx.cpp(1411): warning C4312: приведение типов: преобразование из "unsigned long" в "HICON" большего размера
c:\users\eugene\source\repos\oeavd\oeav\oeav\controls\cbuttonx.cpp(1411): warning C4311: приведение типов: усечение указателя из "HICON" в "int"
c:\users\eugene\source\repos\oeavd\oeav\oeav\controls\cbuttonx.cpp(1411): warning C4302: приведение типов: усечение из "HICON" к "int"
c:\users\eugene\source\repos\oeavd\oeav\oeav\controls\cbuttonx.cpp(1412): warning C4312: приведение типов: преобразование из "unsigned long" в "HICON" большего размера
c:\users\eugene\source\repos\oeavd\oeav\oeav\controls\cbuttonx.cpp(1414): warning C4312: приведение типов: преобразование из "unsigned long" в "HICON" большего размера
c:\users\eugene\source\repos\oeavd\oeav\oeav\controls\cbuttonx.cpp(1414): warning C4311: приведение типов: усечение указателя из "HICON" в "int"
c:\users\eugene\source\repos\oeavd\oeav\oeav\controls\cbuttonx.cpp(1414): warning C4302: приведение типов: усечение из "HICON" к "int"
c:\users\eugene\source\repos\oeavd\oeav\oeav\controls\cbuttonx.cpp(1415): warning C4312: приведение типов: преобразование из "unsigned long" в "HICON" большего размера
c:\users\eugene\source\repos\oeavd\oeav\oeav\controls\cbuttonx.cpp(1471): warning C4311: приведение типов: усечение указателя из "HBITMAP" в "int"
c:\users\eugene\source\repos\oeavd\oeav\oeav\controls\cbuttonx.cpp(1471): warning C4302: приведение типов: усечение из "HBITMAP" к "int"
c:\users\eugene\source\repos\oeavd\oeav\oeav\controls\cbuttonx.cpp(1473): warning C4312: приведение типов: преобразование из "unsigned long" в "HICON" большего размера
c:\users\eugene\source\repos\oeavd\oeav\oeav\controls\cbuttonx.cpp(1473): warning C4311: приведение типов: усечение указателя из "HICON" в "int"
c:\users\eugene\source\repos\oeavd\oeav\oeav\controls\cbuttonx.cpp(1473): warning C4302: приведение типов: усечение из "HICON" к "int"
c:\users\eugene\source\repos\oeavd\oeav\oeav\controls\cbuttonx.cpp(1478): warning C4312: приведение типов: преобразование из "unsigned long" в "HICON" большего размера
c:\users\eugene\source\repos\oeavd\oeav\oeav\controls\cbuttonx.cpp(1478): warning C4311: приведение типов: усечение указателя из "HICON" в "int"
c:\users\eugene\source\repos\oeavd\oeav\oeav\controls\cbuttonx.cpp(1478): warning C4302: приведение типов: усечение из "HICON" к "int"
  ComboBoxExt.cpp
c:\users\eugene\source\repos\oeavd\oeav\oeav\controls\comboboxext.cpp(202): warning C4244: return: преобразование "LRESULT" в "BOOL", возможна потеря данных
c:\users\eugene\source\repos\oeavd\oeav\oeav\controls\comboboxext.cpp(235): warning C4244: return: преобразование "LRESULT" в "BOOL", возможна потеря данных
c:\users\eugene\source\repos\oeavd\oeav\oeav\controls\comboboxext.cpp(335): warning C4244: return: преобразование "LRESULT" в "BOOL", возможна потеря данных
c:\users\eugene\source\repos\oeavd\oeav\oeav\controls\comboboxext.cpp(346): warning C4244: return: преобразование "LRESULT" в "BOOL", возможна потеря данных
c:\users\eugene\source\repos\oeavd\oeav\oeav\controls\comboboxext.cpp(362): warning C4244: return: преобразование "LRESULT" в "BOOL", возможна потеря данных
c:\users\eugene\source\repos\oeavd\oeav\oeav\controls\comboboxext.cpp(371): warning C4244: return: преобразование "LRESULT" в "BOOL", возможна потеря данных
c:\users\eugene\source\repos\oeavd\oeav\oeav\controls\comboboxext.cpp(381): warning C4244: return: преобразование "LRESULT" в "BOOL", возможна потеря данных
c:\users\eugene\source\repos\oeavd\oeav\oeav\controls\comboboxext.cpp(437): warning C4244: return: преобразование "LRESULT" в "BOOL", возможна потеря данных
c:\users\eugene\source\repos\oeavd\oeav\oeav\controls\comboboxext.cpp(460): warning C4244: return: преобразование "LRESULT" в "BOOL", возможна потеря данных
c:\users\eugene\source\repos\oeavd\oeav\oeav\controls\comboboxext.cpp(540): warning C4244: инициализация: преобразование "LRESULT" в "int", возможна потеря данных
c:\users\eugene\source\repos\oeavd\oeav\oeav\controls\comboboxext.cpp(564): warning C4244: =: преобразование "LRESULT" в "int", возможна потеря данных
  ComboBoxExtList.cpp
  CStaticX.cpp
  balance_report_dlg.cpp
  cardfiles_dlg.cpp
  CDialogX.cpp
c:\users\eugene\source\repos\oeavd\oeav\oeav\dialogs\cdialogx.cpp(97): warning C4244: аргумент: преобразование "double" в "int", возможна потеря данных
  define_report_forms_dlg.cpp
  documents_dlg.cpp
  look_ab_dlg.cpp
  look_rl_dlg.cpp
  main_window_dlg.cpp
  registry_list_dlg.cpp
  analytical_accounting_code.cpp
  Color.cpp
c:\users\eugene\source\repos\oeavd\oeav\oeav\ext\color.cpp(391): warning C4302: reinterpret_cast: усечение из "const char *" к "wchar_t"
  ETSLayout.cpp
c:\users\eugene\source\repos\oeavd\oeav\oeav\ext\etslayout.cpp(547): warning C4312: приведение типов: преобразование из "DWORD" в "HBRUSH" большего размера
c:\users\eugene\source\repos\oeavd\oeav\oeav\ext\etslayout.cpp(1097): warning C4244: return: преобразование "INT_PTR" в "int", возможна потеря данных
c:\users\eugene\source\repos\oeavd\oeav\oeav\ext\etslayout.cpp(1132): warning C4244: return: преобразование "INT_PTR" в "int", возможна потеря данных
c:\users\eugene\source\repos\oeavd\oeav\oeav\ext\etslayout.cpp(1162): warning C4244: return: преобразование "INT_PTR" в "int", возможна потеря данных
c:\users\eugene\source\repos\oeavd\oeav\oeav\ext\etslayout.cpp(1186): warning C4244: return: преобразование "INT_PTR" в "int", возможна потеря данных
c:\users\eugene\source\repos\oeavd\oeav\oeav\ext\etslayout.cpp(1712): warning C4244: инициализация: преобразование "INT_PTR" в "int", возможна потеря данных
  oeav.cpp
  cardfiles_repository.cpp
  cardfiles_service.cpp
  connection.cpp
  Компиляция...
  oeav_instance_config.cpp
  Создание кода
  7 of 1089 functions ( 0.6%) were compiled, the rest were copied from previous compilation.
    0 functions were new in current compilation
    0 functions had inline decision re-evaluated but remain unchanged
  Создание кода завершено
  oeav.vcxproj -> C:\Users\Eugene\source\repos\oeavd\oeav\x64\Release\oeav.exe
